2021-Mar-16 12:01:46:                                    _                 
2021-Mar-16 12:01:46:  _ __   __ _ _ __   ___  _ __ ___ (_)_ __   ___ _ __ 
2021-Mar-16 12:01:46: | '_ \ / _` | '_ \ / _ \| '_ ` _ \| | '_ \ / _ \ '__|
2021-Mar-16 12:01:46: | | | | (_| | | | | (_) | | | | | | | | | |  __/ |   
2021-Mar-16 12:01:46: |_| |_|\__,_|_| |_|\___/|_| |_| |_|_|_| |_|\___|_|   
2021-Mar-16 12:01:46: 
2021-Mar-16 12:01:46: Version 3.3.1
2021-Mar-16 12:01:46: Started EthMan server on port 3333 without a password (read-only mode).
2021-Mar-16 12:01:46: Started web interface on port 9090 without a password.
2021-Mar-16 12:01:46: ------------------RandomX:------------------
2021-Mar-16 12:01:46: Currency: Monero
2021-Mar-16 12:01:46: Wallet: 4AaZTSEBreRXyDpq68toxe7puZbomzpty7zCEnmcqsBVbTHCiA7uiLqL1ywRa1gV77PF9tF88wJdo44eiFXTWmnzJ4JZJvu
2021-Mar-16 12:01:46: Rig name: MAYOM
2021-Mar-16 12:01:46: Email: bekkali.anass98@gmail.com
2021-Mar-16 12:01:46: Hashrate threshold to restart miner is not set
2021-Mar-16 12:01:46: Using CPU threads: 8
2021-Mar-16 12:01:46: Added pool: xmr-eu1.nanopool.org:14433
2021-Mar-16 12:01:46: Added pool: xmr-eu2.nanopool.org:14433
2021-Mar-16 12:01:46: Added pool: xmr-us-east1.nanopool.org:14433
2021-Mar-16 12:01:46: Added pool: xmr-us-west1.nanopool.org:14433
2021-Mar-16 12:01:46: Added pool: xmr-asia1.nanopool.org:14433
2021-Mar-16 12:01:46: Added pool: xmr-jp1.nanopool.org:14433
2021-Mar-16 12:01:46: Added pool: xmr-au1.nanopool.org:14433
2021-Mar-16 12:01:46: Auto pool sorting is enabled
2021-Mar-16 12:01:46: -------------Common parameters:-------------
2021-Mar-16 12:01:46: Log path: ./logs/
2021-Mar-16 12:01:46: Log is written to file
2021-Mar-16 12:01:46: GPU watchdog is enabled
2021-Mar-16 12:01:46: Never calling reboot.bat (always restarting the miner in case of errors). 
2021-Mar-16 12:01:46: Setting up algorithm: RandomX
2021-Mar-16 12:01:46: Connecting to pools...
2021-Mar-16 12:01:46: Connected to pool: xmr-eu1.nanopool.org:14433 | IP: 51.15.69.136 | ping: 241 ms.
2021-Mar-16 12:01:46: CPU: Intel(R) Core(TM) i7-6700HQ CPU @ 2.60GHz | AVX2: yes | SSSE3: yes | AES: yes
2021-Mar-16 12:01:46: New job from xmr-eu1.nanopool.org:14433 | share difficulty = 480 kH
2021-Mar-16 12:01:46: Updating dataset...
2021-Mar-16 12:01:46: Monero - Total speed: 0.000 H/s, Total shares: 0 Rejected: 0, Time: 00:00
2021-Mar-16 12:01:51: Updating dataset finished.
2021-Mar-16 12:01:54: New job from xmr-eu1.nanopool.org:14433
2021-Mar-16 12:01:54: Monero - Total speed: 114.656 H/s, Total shares: 0 Rejected: 0, Time: 00:08
2021-Mar-16 12:01:54: Monero: CPU: 114.656 H/s
2021-Mar-16 12:01:54: Monero last 10 min - Total: 114.656 H/s.
2021-Mar-16 12:02:18: Terminating, please wait ...
